g:\zhy_work\02.code\20.crossfence\crossfence\x64\debug\vc140.pdb
g:\zhy_work\02.code\20.crossfence\crossfence\x64\debug\vc140.idb
g:\zhy_work\02.code\20.crossfence\crossfence\x64\debug\crossfence.obj
g:\zhy_work\02.code\20.crossfence\crossfence\x64\debug\stdafx.obj
g:\zhy_work\02.code\20.crossfence\crossfence\x64\debug\zhcvmath.obj
g:\zhy_work\02.code\20.crossfence\crossfence\x64\debug\zhsmartalarm.obj
g:\zhy_work\02.code\20.crossfence\crossfence\x64\debug\crossfence_d.lib
g:\zhy_work\02.code\20.crossfence\crossfence\x64\debug\crossfence_d.exp
g:\zhy_work\02.code\20.crossfence\crossfence\x64\debug\crossfence_d.ilk
g:\zhy_work\02.code\20.crossfence\crossfence\x64\debug\crossfence_d.dll
g:\zhy_work\02.code\20.crossfence\crossfence\x64\debug\crossfence_d.pdb
g:\zhy_work\02.code\20.crossfence\crossfence\x64\debug\crossfence.res
g:\zhy_work\02.code\20.crossfence\crossfence\x64\debug\crossfence.tlog\cl.command.1.tlog
g:\zhy_work\02.code\20.crossfence\crossfence\x64\debug\crossfence.tlog\cl.read.1.tlog
g:\zhy_work\02.code\20.crossfence\crossfence\x64\debug\crossfence.tlog\cl.write.1.tlog
g:\zhy_work\02.code\20.crossfence\crossfence\x64\debug\crossfence.tlog\crossfence.write.1u.tlog
g:\zhy_work\02.code\20.crossfence\crossfence\x64\debug\crossfence.tlog\link.command.1.tlog
g:\zhy_work\02.code\20.crossfence\crossfence\x64\debug\crossfence.tlog\link.read.1.tlog
g:\zhy_work\02.code\20.crossfence\crossfence\x64\debug\crossfence.tlog\link.write.1.tlog
g:\zhy_work\02.code\20.crossfence\crossfence\x64\debug\crossfence.tlog\rc.command.1.tlog
g:\zhy_work\02.code\20.crossfence\crossfence\x64\debug\crossfence.tlog\rc.read.1.tlog
g:\zhy_work\02.code\20.crossfence\crossfence\x64\debug\crossfence.tlog\rc.write.1.tlog
