g:\zhy_work\02.code\20.crossfence\crossfence\x64\debug\vc140.pdb
g:\zhy_work\02.code\20.crossfence\crossfence\x64\debug\vc140.idb
g:\zhy_work\02.code\20.crossfence\crossfence\x64\debug\crossfence.obj
g:\zhy_work\02.code\20.crossfence\crossfence\x64\debug\stdafx.obj
g:\zhy_work\02.code\20.crossfence\crossfence\x64\debug\zhcvmath.obj
g:\zhy_work\02.code\20.crossfence\crossfence\x64\debug\zhsmartalerm.obj
g:\zhy_work\02.code\20.crossfence\crossfence\x64\debug\crossfence.lib
g:\zhy_work\02.code\20.crossfence\crossfence\x64\debug\crossfence.exp
g:\zhy_work\02.code\20.crossfence\crossfence\x64\debug\crossfence.ilk
g:\zhy_work\02.code\20.crossfence\crossfence\x64\debug\crossfence.dll
g:\zhy_work\02.code\20.crossfence\crossfence\x64\debug\crossfence.pdb
g:\zhy_work\02.code\20.crossfence\crossfence\x64\debug\crossfence.res
g:\zhy_work\02.code\20.crossfence\crossfence\x64\debug\test.ilk
g:\zhy_work\02.code\20.crossfence\crossfence\x64\debug\test.pdb
g:\zhy_work\02.code\20.crossfence\crossfence\x64\debug\crossfence.tlog\cl.command.1.tlog
g:\zhy_work\02.code\20.crossfence\crossfence\x64\debug\crossfence.tlog\cl.read.1.tlog
g:\zhy_work\02.code\20.crossfence\crossfence\x64\debug\crossfence.tlog\cl.write.1.tlog
g:\zhy_work\02.code\20.crossfence\crossfence\x64\debug\crossfence.tlog\crossfence.write.1u.tlog
g:\zhy_work\02.code\20.crossfence\crossfence\x64\debug\crossfence.tlog\link.command.1.tlog
g:\zhy_work\02.code\20.crossfence\crossfence\x64\debug\crossfence.tlog\link.read.1.tlog
g:\zhy_work\02.code\20.crossfence\crossfence\x64\debug\crossfence.tlog\link.write.1.tlog
g:\zhy_work\02.code\20.crossfence\crossfence\x64\debug\crossfence.tlog\rc.command.1.tlog
g:\zhy_work\02.code\20.crossfence\crossfence\x64\debug\crossfence.tlog\rc.read.1.tlog
g:\zhy_work\02.code\20.crossfence\crossfence\x64\debug\crossfence.tlog\rc.write.1.tlog
