g:\zhy_work\02.code\20.crossfence\crossfence\x64\release\vc140.pdb
g:\zhy_work\02.code\20.crossfence\crossfence\x64\release\zhsmartalarm.obj
g:\zhy_work\02.code\20.crossfence\crossfence\x64\release\zhcvmath.obj
g:\zhy_work\02.code\20.crossfence\crossfence\x64\release\stdafx.obj
g:\zhy_work\02.code\20.crossfence\crossfence\x64\release\crossfence.obj
g:\zhy_work\02.code\20.crossfence\crossfence\x64\release\crossfence.lib
g:\zhy_work\02.code\20.crossfence\crossfence\x64\release\crossfence.exp
g:\zhy_work\02.code\20.crossfence\crossfence\x64\release\crossfence.dll
g:\zhy_work\02.code\20.crossfence\crossfence\x64\release\crossfence.pdb
g:\zhy_work\02.code\20.crossfence\crossfence\x64\release\crossfence.res
g:\zhy_work\02.code\20.crossfence\crossfence\x64\release\crossfence.tlog\cl.command.1.tlog
g:\zhy_work\02.code\20.crossfence\crossfence\x64\release\crossfence.tlog\cl.read.1.tlog
g:\zhy_work\02.code\20.crossfence\crossfence\x64\release\crossfence.tlog\cl.write.1.tlog
g:\zhy_work\02.code\20.crossfence\crossfence\x64\release\crossfence.tlog\crossfence.write.1u.tlog
g:\zhy_work\02.code\20.crossfence\crossfence\x64\release\crossfence.tlog\link.command.1.tlog
g:\zhy_work\02.code\20.crossfence\crossfence\x64\release\crossfence.tlog\link.read.1.tlog
g:\zhy_work\02.code\20.crossfence\crossfence\x64\release\crossfence.tlog\link.write.1.tlog
g:\zhy_work\02.code\20.crossfence\crossfence\x64\release\crossfence.tlog\rc.command.1.tlog
g:\zhy_work\02.code\20.crossfence\crossfence\x64\release\crossfence.tlog\rc.read.1.tlog
g:\zhy_work\02.code\20.crossfence\crossfence\x64\release\crossfence.tlog\rc.write.1.tlog
